{"name": "test_registration_user", "status": "broken", "statusDetails": {"message": "selenium.common.exceptions.WebDriverException: Message: <html>\r\n<head><title>401 Authorization Required</title></head>\r\n<body bgcolor=\"white\">\r\n<center><h1>401 Authorization Required</h1></center>\r\n<hr><center>nginx/1.14.2</center>\r\n</body>\r\n</html>", "trace": "@pytest.fixture(scope=\"function\", autouse=True)\n    def open_browser():\n        options = Options()\n        selenoid_capabilities = {\n            \"browserName\": \"chrome\",\n            \"browserVersion\": \"100.0\",\n            \"selenoid:options\": {\n                \"enableVNC\": True,\n                \"enableVideo\": True\n            }\n        }\n    \n        options.capabilities.update(selenoid_capabilities)\n        login = os.getenv('LOGIN')\n        password = os.getenv('PASSWORD')\n    \n>       driver = webdriver.Remote(\n            command_executor=f\"https://{login}:{password}@selenoid.autotests.cloud/wd/hub\",\n            options=options\n        )\n\n..\\conftest.py:31: \n_ _ _ _ _ _ _ _ _ _ _ _ _ _ _ _ _ _ _ _ _ _ _ _ _ _ _ _ _ _ _ _ _ _ _ _ _ _ _ _\n..\\venv\\lib\\site-packages\\selenium\\webdriver\\remote\\webdriver.py:270: in __init__\n    self.start_session(capabilities, browser_profile)\n..\\venv\\lib\\site-packages\\selenium\\webdriver\\remote\\webdriver.py:363: in start_session\n    response = self.execute(Command.NEW_SESSION, parameters)\n..\\venv\\lib\\site-packages\\selenium\\webdriver\\remote\\webdriver.py:428: in execute\n    self.error_handler.check_response(response)\n_ _ _ _ _ _ _ _ _ _ _ _ _ _ _ _ _ _ _ _ _ _ _ _ _ _ _ _ _ _ _ _ _ _ _ _ _ _ _ _\n\nself = <selenium.webdriver.remote.errorhandler.ErrorHandler object at 0x000001CC94F05E10>\nresponse = {'status': 401, 'value': '<html>\\r\\n<head><title>401 Authorization Required</title></head>\\r\\n<body bgcolor=\"white\">\\r\\n<center><h1>401 Authorization Required</h1></center>\\r\\n<hr><center>nginx/1.14.2</center>\\r\\n</body>\\r\\n</html>\\r\\n'}\n\n    def check_response(self, response: Dict[str, Any]) -> None:\n        \"\"\"\n        Checks that a JSON response from the WebDriver does not have an error.\n    \n        :Args:\n         - response - The JSON response from the WebDriver server as a dictionary\n           object.\n    \n        :Raises: If the response contains an error message.\n        \"\"\"\n        status = response.get('status', None)\n        if not status or status == ErrorCode.SUCCESS:\n            return\n        value = None\n        message = response.get(\"message\", \"\")\n        screen: str = response.get(\"screen\", \"\")\n        stacktrace = None\n        if isinstance(status, int):\n            value_json = response.get('value', None)\n            if value_json and isinstance(value_json, str):\n                import json\n                try:\n                    value = json.loads(value_json)\n                    if len(value.keys()) == 1:\n                        value = value['value']\n                    status = value.get('error', None)\n                    if not status:\n                        status = value.get(\"status\", ErrorCode.UNKNOWN_ERROR)\n                        message = value.get(\"value\") or value.get(\"message\")\n                        if not isinstance(message, str):\n                            value = message\n                            message = message.get('message')\n                    else:\n                        message = value.get('message', None)\n                except ValueError:\n                    pass\n    \n        exception_class: Type[WebDriverException]\n        if status in ErrorCode.NO_SUCH_ELEMENT:\n            exception_class = NoSuchElementException\n        elif status in ErrorCode.NO_SUCH_FRAME:\n            exception_class = NoSuchFrameException\n        elif status in ErrorCode.NO_SUCH_SHADOW_ROOT:\n            exception_class = NoSuchShadowRootException\n        elif status in ErrorCode.NO_SUCH_WINDOW:\n            exception_class = NoSuchWindowException\n        elif status in ErrorCode.STALE_ELEMENT_REFERENCE:\n            exception_class = StaleElementReferenceException\n        elif status in ErrorCode.ELEMENT_NOT_VISIBLE:\n            exception_class = ElementNotVisibleException\n        elif status in ErrorCode.INVALID_ELEMENT_STATE:\n            exception_class = InvalidElementStateException\n        elif status in ErrorCode.INVALID_SELECTOR \\\n                or status in ErrorCode.INVALID_XPATH_SELECTOR \\\n                or status in ErrorCode.INVALID_XPATH_SELECTOR_RETURN_TYPER:\n            exception_class = InvalidSelectorException\n        elif status in ErrorCode.ELEMENT_IS_NOT_SELECTABLE:\n            exception_class = ElementNotSelectableException\n        elif status in ErrorCode.ELEMENT_NOT_INTERACTABLE:\n            exception_class = ElementNotInteractableException\n        elif status in ErrorCode.INVALID_COOKIE_DOMAIN:\n            exception_class = InvalidCookieDomainException\n        elif status in ErrorCode.UNABLE_TO_SET_COOKIE:\n            exception_class = UnableToSetCookieException\n        elif status in ErrorCode.TIMEOUT:\n            exception_class = TimeoutException\n        elif status in ErrorCode.SCRIPT_TIMEOUT:\n            exception_class = TimeoutException\n        elif status in ErrorCode.UNKNOWN_ERROR:\n            exception_class = WebDriverException\n        elif status in ErrorCode.UNEXPECTED_ALERT_OPEN:\n            exception_class = UnexpectedAlertPresentException\n        elif status in ErrorCode.NO_ALERT_OPEN:\n            exception_class = NoAlertPresentException\n        elif status in ErrorCode.IME_NOT_AVAILABLE:\n            exception_class = ImeNotAvailableException\n        elif status in ErrorCode.IME_ENGINE_ACTIVATION_FAILED:\n            exception_class = ImeActivationFailedException\n        elif status in ErrorCode.MOVE_TARGET_OUT_OF_BOUNDS:\n            exception_class = MoveTargetOutOfBoundsException\n        elif status in ErrorCode.JAVASCRIPT_ERROR:\n            exception_class = JavascriptException\n        elif status in ErrorCode.SESSION_NOT_CREATED:\n            exception_class = SessionNotCreatedException\n        elif status in ErrorCode.INVALID_ARGUMENT:\n            exception_class = InvalidArgumentException\n        elif status in ErrorCode.NO_SUCH_COOKIE:\n            exception_class = NoSuchCookieException\n        elif status in ErrorCode.UNABLE_TO_CAPTURE_SCREEN:\n            exception_class = ScreenshotException\n        elif status in ErrorCode.ELEMENT_CLICK_INTERCEPTED:\n            exception_class = ElementClickInterceptedException\n        elif status in ErrorCode.INSECURE_CERTIFICATE:\n            exception_class = InsecureCertificateException\n        elif status in ErrorCode.INVALID_COORDINATES:\n            exception_class = InvalidCoordinatesException\n        elif status in ErrorCode.INVALID_SESSION_ID:\n            exception_class = InvalidSessionIdException\n        elif status in ErrorCode.UNKNOWN_METHOD:\n            exception_class = UnknownMethodException\n        else:\n            exception_class = WebDriverException\n        if not value:\n            value = response['value']\n        if isinstance(value, str):\n>           raise exception_class(value)\nE           selenium.common.exceptions.WebDriverException: Message: <html>\r\nE           <head><title>401 Authorization Required</title></head>\r\nE           <body bgcolor=\"white\">\r\nE           <center><h1>401 Authorization Required</h1></center>\r\nE           <hr><center>nginx/1.14.2</center>\r\nE           </body>\r\nE           </html>\n\n..\\venv\\lib\\site-packages\\selenium\\webdriver\\remote\\errorhandler.py:207: WebDriverException"}, "description": "Verify registration process is successful", "start": 1674293386308, "stop": 1674293386308, "uuid": "421b846b-7f1e-4e87-86a4-a1e4cdeff51c", "historyId": "baf1816332321f6a8169a85872923d40", "testCaseId": "4f5d3f813c6a6e01544fc9c8840c082a", "fullName": "tests.test_registration_form#test_registration_user", "labels": [{"name": "severity", "value": "critical"}, {"name": "feature", "value": "Forms"}, {"name": "tag", "value": "UI test"}, {"name": "owner", "value": "OAO"}, {"name": "story", "value": "Registration form"}, {"name": "parentSuite", "value": "tests"}, {"name": "suite", "value": "test_registration_form"}, {"name": "host", "value": "LAPTOP-LLCB38HA"}, {"name": "thread", "value": "7240-MainThread"}, {"name": "framework", "value": "pytest"}, {"name": "language", "value": "cpython3"}, {"name": "package", "value": "tests.test_registration_form"}]}